<?xml version="1.0" encoding="utf-8"?><testsuites name="pytest tests"><testsuite name="pytest" errors="0" failures="0" skipped="0" tests="15" time="1.473" timestamp="2026-02-15T14:12:06.609870+00:00" hostname="agent-env-070812a4-b8cc-42de-adc2-7ccf13bd2941"><testcase classname="backend.tests.test_reception.TestReceptionModule" name="test_reception_search_vehicle_by_regno" time="0.280" /><testcase classname="backend.tests.test_reception.TestReceptionModule" name="test_reception_search_vehicle_by_phone" time="0.056" /><testcase classname="backend.tests.test_reception.TestReceptionModule" name="test_reception_search_vehicle_short_query" time="0.053" /><testcase classname="backend.tests.test_reception.TestReceptionModule" name="test_reception_check_duplicate_non_existing" time="0.073" /><testcase classname="backend.tests.test_reception.TestReceptionModule" name="test_reception_create_entry" time="0.082" /><testcase classname="backend.tests.test_reception.TestReceptionModule" name="test_reception_get_entries_today" time="0.056" /><testcase classname="backend.tests.test_reception.TestReceptionModule" name="test_reception_get_single_entry" time="0.048" /><testcase classname="backend.tests.test_reception.TestReceptionModule" name="test_reception_get_nonexistent_entry" time="0.061" /><testcase classname="backend.tests.test_reception.TestReceptionModule" name="test_reception_filter_by_source" time="0.051" /><testcase classname="backend.tests.test_reception.TestReceptionModule" name="test_reception_filter_by_status" time="0.056" /><testcase classname="backend.tests.test_reception.TestReceptionModule" name="test_reception_create_entry_documents_pending" time="0.048" /><testcase classname="backend.tests.test_reception.TestReceptionModule" name="test_reception_vehicle_details_endpoint" time="0.122" /><testcase classname="backend.tests.test_reception.TestReceptionAuth" name="test_reception_search_requires_auth" time="0.126" /><testcase classname="backend.tests.test_reception.TestReceptionAuth" name="test_reception_get_entries_requires_auth" time="0.108" /><testcase classname="backend.tests.test_reception.TestReceptionAuth" name="test_reception_create_requires_auth" time="0.146" /></testsuite></testsuites>