<?xml version="1.0" encoding="utf-8"?><testsuites name="pytest tests"><testsuite name="pytest" errors="0" failures="0" skipped="0" tests="28" time="1.646" timestamp="2026-02-10T18:06:44.027453+00:00" hostname="agent-env-9c32dce0-7923-4656-9538-1591fea8b724"><testcase classname="backend.tests.test_appointments_api.TestLoginAuth" name="test_login_admin_success" time="0.068" /><testcase classname="backend.tests.test_appointments_api.TestLoginAuth" name="test_login_invalid_credentials" time="0.057" /><testcase classname="backend.tests.test_appointments_api.TestAppointmentsAPI" name="test_get_appointments_day_view_returns_14" time="0.055" /><testcase classname="backend.tests.test_appointments_api.TestAppointmentsAPI" name="test_appointments_have_all_required_fields" time="0.060" /><testcase classname="backend.tests.test_appointments_api.TestAppointmentsAPI" name="test_regular_appointments_count" time="0.053" /><testcase classname="backend.tests.test_appointments_api.TestAppointmentsAPI" name="test_appointments_have_n1_and_td_status" time="0.051" /><testcase classname="backend.tests.test_appointments_api.TestAppointmentsAPI" name="test_appointments_have_remarks_field" time="0.054" /><testcase classname="backend.tests.test_appointments_api.TestAppointmentsAPI" name="test_priority_customer_indicator" time="0.056" /><testcase classname="backend.tests.test_appointments_api.TestAppointmentsAPI" name="test_filter_by_branch" time="0.053" /><testcase classname="backend.tests.test_appointments_api.TestAppointmentsAPI" name="test_filter_by_source" time="0.089" /><testcase classname="backend.tests.test_appointments_api.TestAppointmentsAPI" name="test_filter_by_sa" time="0.064" /><testcase classname="backend.tests.test_appointments_api.TestAppointmentsAPI" name="test_filter_by_cre" time="0.048" /><testcase classname="backend.tests.test_appointments_api.TestSettingsAPI" name="test_get_settings" time="0.046" /><testcase classname="backend.tests.test_appointments_api.TestSettingsAPI" name="test_settings_have_sa_names_matching_data" time="0.062" /><testcase classname="backend.tests.test_appointments_api.TestCREsAPI" name="test_get_cres" time="0.091" /><testcase classname="backend.tests.test_upcoming_api.TestUpcomingAPI" name="test_upcoming_view_returns_future_appointments_only" time="0.042" /><testcase classname="backend.tests.test_upcoming_api.TestUpcomingAPI" name="test_upcoming_returns_12_appointments" time="0.048" /><testcase classname="backend.tests.test_upcoming_api.TestUpcomingAPI" name="test_upcoming_spans_3_dates" time="0.049" /><testcase classname="backend.tests.test_upcoming_api.TestUpcomingAPI" name="test_date_distribution_5_4_3" time="0.049" /><testcase classname="backend.tests.test_upcoming_api.TestUpcomingAPI" name="test_upcoming_has_upcoming_status_field" time="0.060" /><testcase classname="backend.tests.test_upcoming_api.TestUpcomingAPI" name="test_upcoming_has_all_required_fields_for_16_columns" time="0.056" /><testcase classname="backend.tests.test_upcoming_api.TestUpcomingAPI" name="test_upcoming_filter_by_branch" time="0.084" /><testcase classname="backend.tests.test_upcoming_api.TestUpcomingAPI" name="test_upcoming_filter_by_source" time="0.049" /><testcase classname="backend.tests.test_upcoming_api.TestUpcomingAPI" name="test_upcoming_sorted_by_date_and_time" time="0.048" /><testcase classname="backend.tests.test_upcoming_api.TestUpcomingAPI" name="test_priority_customers_in_upcoming" time="0.047" /><testcase classname="backend.tests.test_upcoming_api.TestUpcomingAPI" name="test_lost_customers_in_upcoming" time="0.041" /><testcase classname="backend.tests.test_upcoming_api.TestUpcomingAPI" name="test_remarks_data_in_upcoming" time="0.048" /><testcase classname="backend.tests.test_upcoming_api.TestDayViewNoNewAppointmentData" name="test_day_view_returns_only_today" time="0.049" /></testsuite></testsuites>