<?xml version="1.0" encoding="utf-8"?><testsuites name="pytest tests"><testsuite name="pytest" errors="0" failures="0" skipped="0" tests="10" time="2.561" timestamp="2026-03-03T12:14:07.345670+00:00" hostname="agent-env-f7067c89-4678-4533-af3e-16b2149e5f80"><testcase classname="backend.tests.test_vehicles.TestVehicleAPIs" name="test_get_vehicles_with_renault_filter" time="0.192" /><testcase classname="backend.tests.test_vehicles.TestVehicleAPIs" name="test_get_vehicles_with_other_brand_filter" time="0.237" /><testcase classname="backend.tests.test_vehicles.TestVehicleAPIs" name="test_create_other_brand_vehicle" time="0.223" /><testcase classname="backend.tests.test_vehicles.TestVehicleAPIs" name="test_create_other_brand_vehicle_requires_make" time="0.180" /><testcase classname="backend.tests.test_vehicles.TestVehicleAPIs" name="test_create_renault_vehicle_requires_model" time="0.167" /><testcase classname="backend.tests.test_vehicles.TestVehicleAPIs" name="test_update_other_brand_vehicle" time="0.385" /><testcase classname="backend.tests.test_vehicles.TestVehicleAPIs" name="test_delete_vehicle" time="0.304" /><testcase classname="backend.tests.test_vehicles.TestVehicleAPIs" name="test_search_by_make" time="0.337" /><testcase classname="backend.tests.test_vehicles.TestVehicleAPIs" name="test_vehicle_profile_get" time="0.206" /><testcase classname="backend.tests.test_vehicles.TestVehicleAPICleanup" name="test_cleanup_test_vehicles" time="0.223" /></testsuite></testsuites>