<?xml version="1.0" encoding="utf-8"?><testsuites name="pytest tests"><testsuite name="pytest" errors="0" failures="0" skipped="1" tests="12" time="2.963" timestamp="2026-02-14T14:50:17.421357+00:00" hostname="agent-env-070812a4-b8cc-42de-adc2-7ccf13bd2941"><testcase classname="backend.tests.test_noshow_reschedule.TestNoShowEndpoint" name="test_mark_noshow_endpoint_exists" time="0.299" /><testcase classname="backend.tests.test_noshow_reschedule.TestNoShowEndpoint" name="test_mark_noshow_with_date_param" time="0.163" /><testcase classname="backend.tests.test_noshow_reschedule.TestNoShowEndpoint" name="test_mark_noshow_requires_auth" time="0.276" /><testcase classname="backend.tests.test_noshow_reschedule.TestNoShowEndpoint" name="test_mark_noshow_role_restricted" time="0.227"><skipped type="pytest.skip" message="CRE user not found, skipping role test">/app/backend/tests/test_noshow_reschedule.py:68: CRE user not found, skipping role test</skipped></testcase><testcase classname="backend.tests.test_noshow_reschedule.TestRescheduledAppointment" name="test_appointment_detail_loads" time="0.389" /><testcase classname="backend.tests.test_noshow_reschedule.TestRescheduledAppointment" name="test_appointment_has_reschedule_flag" time="0.170" /><testcase classname="backend.tests.test_noshow_reschedule.TestRescheduledAppointment" name="test_appointment_has_reschedule_history" time="0.163" /><testcase classname="backend.tests.test_noshow_reschedule.TestRescheduledAppointment" name="test_reschedule_history_date_format" time="0.425" /><testcase classname="backend.tests.test_noshow_reschedule.TestActivityLog" name="test_activity_log_loads" time="0.212" /><testcase classname="backend.tests.test_noshow_reschedule.TestActivityLog" name="test_no_null_to_empty_logs" time="0.170" /><testcase classname="backend.tests.test_noshow_reschedule.TestUpcomingAppointments" name="test_upcoming_view_loads" time="0.195" /><testcase classname="backend.tests.test_noshow_reschedule.TestUpcomingAppointments" name="test_upcoming_includes_rescheduled_appointment" time="0.219" /></testsuite></testsuites>