<?xml version="1.0" encoding="utf-8"?><testsuites name="pytest tests"><testsuite name="pytest" errors="0" failures="0" skipped="0" tests="15" time="0.979" timestamp="2026-02-10T16:48:02.342032+00:00" hostname="agent-env-9c32dce0-7923-4656-9538-1591fea8b724"><testcase classname="backend.tests.test_appointments_api.TestLoginAuth" name="test_login_admin_success" time="0.104" /><testcase classname="backend.tests.test_appointments_api.TestLoginAuth" name="test_login_invalid_credentials" time="0.039" /><testcase classname="backend.tests.test_appointments_api.TestAppointmentsAPI" name="test_get_appointments_day_view_returns_14" time="0.047" /><testcase classname="backend.tests.test_appointments_api.TestAppointmentsAPI" name="test_appointments_have_all_required_fields" time="0.055" /><testcase classname="backend.tests.test_appointments_api.TestAppointmentsAPI" name="test_regular_appointments_count" time="0.051" /><testcase classname="backend.tests.test_appointments_api.TestAppointmentsAPI" name="test_appointments_have_n1_and_td_status" time="0.051" /><testcase classname="backend.tests.test_appointments_api.TestAppointmentsAPI" name="test_appointments_have_remarks_field" time="0.058" /><testcase classname="backend.tests.test_appointments_api.TestAppointmentsAPI" name="test_priority_customer_indicator" time="0.055" /><testcase classname="backend.tests.test_appointments_api.TestAppointmentsAPI" name="test_filter_by_branch" time="0.049" /><testcase classname="backend.tests.test_appointments_api.TestAppointmentsAPI" name="test_filter_by_source" time="0.046" /><testcase classname="backend.tests.test_appointments_api.TestAppointmentsAPI" name="test_filter_by_sa" time="0.041" /><testcase classname="backend.tests.test_appointments_api.TestAppointmentsAPI" name="test_filter_by_cre" time="0.041" /><testcase classname="backend.tests.test_appointments_api.TestSettingsAPI" name="test_get_settings" time="0.081" /><testcase classname="backend.tests.test_appointments_api.TestSettingsAPI" name="test_settings_have_sa_names_matching_data" time="0.049" /><testcase classname="backend.tests.test_appointments_api.TestCREsAPI" name="test_get_cres" time="0.088" /></testsuite></testsuites>