<?xml version="1.0" encoding="utf-8"?><testsuites name="pytest tests"><testsuite name="pytest" errors="0" failures="0" skipped="0" tests="13" time="0.632" timestamp="2026-02-11T18:19:57.839176+00:00" hostname="agent-env-9ff831ef-4a8d-42b8-9486-727bdde6935e"><testcase classname="backend.tests.test_user_preferences.TestUserPreferencesAPI" name="test_get_preferences_today_unauthenticated" time="0.069" /><testcase classname="backend.tests.test_user_preferences.TestUserPreferencesAPI" name="test_get_preferences_today_authenticated" time="0.050" /><testcase classname="backend.tests.test_user_preferences.TestUserPreferencesAPI" name="test_put_preferences_today" time="0.071" /><testcase classname="backend.tests.test_user_preferences.TestUserPreferencesAPI" name="test_get_preferences_upcoming" time="0.010" /><testcase classname="backend.tests.test_user_preferences.TestUserPreferencesAPI" name="test_put_preferences_upcoming" time="0.050" /><testcase classname="backend.tests.test_user_preferences.TestUserPreferencesAPI" name="test_get_preferences_history" time="0.010" /><testcase classname="backend.tests.test_user_preferences.TestUserPreferencesAPI" name="test_put_preferences_history" time="0.049" /><testcase classname="backend.tests.test_user_preferences.TestUserPreferencesAPI" name="test_preferences_per_user_isolation" time="0.008" /><testcase classname="backend.tests.test_user_preferences.TestUserPreferencesAPI" name="test_clear_hidden_columns" time="0.058" /><testcase classname="backend.tests.test_user_preferences.TestStatusDropdownUpdate" name="test_update_appointment_status_dropdown" time="0.062" /><testcase classname="backend.tests.test_user_preferences.TestStatusDropdownUpdate" name="test_status_dropdown_options_from_settings" time="0.009" /><testcase classname="backend.tests.test_user_preferences.TestActionButton" name="test_appointment_detail_endpoint" time="0.058" /><testcase classname="backend.tests.test_user_preferences.TestActionButton" name="test_nonexistent_appointment_returns_404" time="0.010" /></testsuite></testsuites>