<?xml version="1.0" encoding="utf-8"?><testsuites name="pytest tests"><testsuite name="pytest" errors="0" failures="0" skipped="0" tests="8" time="0.804" timestamp="2026-02-11T10:30:35.109245+00:00" hostname="agent-env-9ff831ef-4a8d-42b8-9486-727bdde6935e"><testcase classname="backend.tests.test_duplicate_reschedule.TestDuplicateCheckAPI" name="test_duplicate_check_by_phone_returns_future_only" time="0.095" /><testcase classname="backend.tests.test_duplicate_reschedule.TestDuplicateCheckAPI" name="test_duplicate_check_returns_tanvi_mukherjee" time="0.051" /><testcase classname="backend.tests.test_duplicate_reschedule.TestDuplicateCheckAPI" name="test_duplicate_check_requires_auth" time="0.077" /><testcase classname="backend.tests.test_duplicate_reschedule.TestAppointmentUpdateAPI" name="test_update_appointment_date_success" time="0.119" /><testcase classname="backend.tests.test_duplicate_reschedule.TestAppointmentUpdateAPI" name="test_update_nonexistent_appointment_returns_404" time="0.049" /><testcase classname="backend.tests.test_duplicate_reschedule.TestAppointmentUpdateAPI" name="test_appointment_update_logged_in_activity" time="0.164" /><testcase classname="backend.tests.test_duplicate_reschedule.TestDataConsistency" name="test_updated_appointment_appears_in_correct_view" time="0.150" /><testcase classname="backend.tests.test_duplicate_reschedule.TestDateFormatValidation" name="test_appointment_date_format_is_iso" time="0.048" /></testsuite></testsuites>